2022-08-06 20:34:22,786:INFO:PyCaret Supervised Module
2022-08-06 20:34:22,786:INFO:ML Usecase: regression
2022-08-06 20:34:22,787:INFO:version 2.2.2
2022-08-06 20:34:22,787:INFO:Initializing setup()
2022-08-06 20:34:22,787:INFO:setup(target=click_rate, ml_usecase=regression, available_plots={'parameter': 'Hyperparameters', 'residuals': 'Residuals', 'error': 'Prediction Error', 'cooks': 'Cooks Distance', 'rfe': 'Feature Selection', 'learning': 'Learning Curve', 'manifold': 'Manifold Learning', 'vc': 'Validation Curve', 'feature': 'Feature Importance', 'feature_all': 'Feature Importance (All)', 'tree': 'Decision Tree'}, train_size=0.7, test_data=None, preprocess=True, imputation_type=simple, iterative_imputation_iters=5, categorical_features=None, categorical_imputation=constant, categorical_iterative_imputer=lightgbm, ordinal_features=None, high_cardinality_features=None, high_cardinality_method=frequency, numeric_features=None, numeric_imputation=mean, numeric_iterative_imputer=lightgbm, date_features=None, ignore_features=None, normalize=False, normalize_method=zscore, transformation=False, transformation_method=yeo-johnson, handle_unknown_categorical=True, unknown_categorical_method=least_frequent, pca=False, pca_method=linear, pca_components=None, ignore_low_variance=False, combine_rare_levels=False, rare_level_threshold=0.1, bin_numeric_features=None, remove_outliers=False, outliers_threshold=0.05, remove_multicollinearity=False, multicollinearity_threshold=0.9, remove_perfect_collinearity=True, create_clusters=False, cluster_iter=20, polynomial_features=False, polynomial_degree=2, trigonometry_features=False, polynomial_threshold=0.1, group_features=None, group_names=None, feature_selection=False, feature_selection_threshold=0.8, feature_selection_method=classic, feature_interaction=False, feature_ratio=False, interaction_threshold=0.01, fix_imbalance=False, fix_imbalance_method=None, transform_target=False, transform_target_method=box-cox, data_split_shuffle=True, data_split_stratify=False, fold_strategy=kfold, fold=10, fold_shuffle=False, fold_groups=None, n_jobs=-1, use_gpu=False, custom_pipeline=None, html=True, session_id=None, log_experiment=False, experiment_name=None, log_plots=False, log_profile=False, log_data=False, silent=False, verbose=True, profile=False, profile_kwargs=None, display=None)
2022-08-06 20:34:22,881:INFO:Checking environment
2022-08-06 20:34:22,881:INFO:python_version: 3.10.4
2022-08-06 20:34:22,881:INFO:python_build: ('main', 'Mar 30 2022 08:38:02')
2022-08-06 20:34:22,881:INFO:machine: AMD64
2022-08-06 20:34:22,881:INFO:platform: Windows-10-10.0.19044-SP0
2022-08-06 20:34:22,883:INFO:Memory: svmem(total=8506298368, available=1290612736, percent=84.8, used=7215685632, free=1290612736)
2022-08-06 20:34:22,883:INFO:Physical Core: 6
2022-08-06 20:34:22,883:INFO:Logical Core: 12
2022-08-06 20:34:22,883:INFO:Checking libraries
2022-08-06 20:34:22,883:INFO:pd==1.4.2
2022-08-06 20:34:22,883:INFO:numpy==1.22.3
2022-08-06 20:34:22,883:INFO:sklearn==1.1.2
2022-08-06 20:34:22,883:INFO:xgboost==1.6.1
2022-08-06 20:34:22,883:INFO:lightgbm==3.3.2
2022-08-06 20:34:23,035:INFO:catboost==1.0.6
2022-08-06 20:34:23,846:INFO:mlflow==1.27.0
2022-08-06 20:34:23,846:INFO:Checking Exceptions
2022-08-06 20:34:23,846:INFO:Declaring global variables
2022-08-06 20:34:23,847:INFO:USI: a00d
2022-08-06 20:34:23,847:INFO:pycaret_globals: {'logging_param', 'fix_imbalance_param', 'iterative_imputation_iters_param', 'fold_shuffle_param', '_all_models_internal', '_available_plots', 'gpu_param', 'exp_name_log', 'y_train', 'X_train', 'target_param', 'master_model_container', 'create_model_container', 'prep_pipe', 'imputation_regressor', 'html_param', 'fold_param', 'data_before_preprocess', 'seed', 'USI', 'fold_groups_param', 'fix_imbalance_method_param', 'y', '_all_metrics', '_gpu_n_jobs_param', 'pycaret_globals', 'log_plots_param', 'imputation_classifier', 'transform_target_method_param', 'y_test', '_ml_usecase', 'X_test', '_all_models', 'experiment__', 'X', 'transform_target_param', 'display_container', 'n_jobs_param', 'fold_generator', 'stratify_param', '_internal_pipeline'}
2022-08-06 20:34:23,947:INFO:Preparing display monitor
2022-08-06 20:34:23,947:INFO:Preparing display monitor
2022-08-06 20:34:23,959:INFO:Importing libraries
2022-08-06 20:34:23,960:INFO:Copying data for preprocessing
2022-08-06 20:34:23,968:INFO:Declaring preprocessing parameters
2022-08-06 20:34:23,970:INFO:Creating preprocessing pipeline
2022-08-06 20:34:23,985:INFO:Preprocessing pipeline created successfully
2022-08-06 20:34:23,985:ERROR:(Process Exit): setup has been interupted with user command 'quit'. setup must rerun.
2022-08-06 20:34:23,985:INFO:Creating global containers
